<?xml version="1.0" encoding="UTF-8" ?>
<testsuite errors="1" failures="0" hostname="cq01-testing-fis00.vm.baidu.com" name="class.T6AC86E6DA84A0A3.T1.T1" tests="1" time="0.0" timestamp="2013-12-18T09:11:58">
  <properties>
[...]
</properties>
  <error message="class.T6AC86E6DA84A0A3.T1.T1" type="java.lang.ClassNotFoundException">java.lang.ClassNotFoundException: class.T6AC86E6DA84A0A3.T1.T1
	at java.net.URLClassLoader$1.run(URLClassLoader.java:202)
	at java.security.AccessController.doPrivileged(Native Method)
	at java.net.URLClassLoader.findClass(URLClassLoader.java:190)
	at java.lang.ClassLoader.loadClass(ClassLoader.java:306)
	at sun.misc.Launcher$AppClassLoader.loadClass(Launcher.java:301)
	at java.lang.ClassLoader.loadClass(ClassLoader.java:247)
	at java.lang.Class.forName0(Native Method)
	at java.lang.Class.forName(Class.java:169)
</error>
  <system-out><![CDATA[]]></system-out>
  <system-err><![CDATA[]]></system-err>
</testsuite>
