<?xml version="1.0" encoding="UTF-8" ?>
<testsuites>
  <testsuite errors="0" failures="0" hostname="vdesktop695" id="0" name="ActionWd" package="com.test" skipped="0" tests="1" time="26.327" timestamp="2013-11-27T23:31:05">
      <properties>
[...]
</properties>

      <testcase classname="com.test.ActionWd" name="testActionWd" time="26.177" />

      <system-out><![CDATA[]]></system-out>

      <system-err><![CDATA[]]></system-err>

  </testsuite>
  <testsuite errors="1" failures="0" hostname="cq01-testing-fis00.vm.baidu.com" id="1" name="T1" package="com.test" tests="1" time="37.159" timestamp="2013-12-18T06:23:22">
      <properties>
[...]
</properties>

      <testcase classname="com.test.T1" name="testT1" time="36.965">
          <error message="Destination &apos;../../../pics&apos; directory cannot be created" type="java.io.IOException">java.io.IOException: Destination &apos;../../../pics&apos; directory cannot be created
	at org.apache.commons.io.FileUtils.copyFile(FileUtils.java:1015)
	at org.apache.commons.io.FileUtils.copyFile(FileUtils.java:968)
	at com.test.T1.tearDown(T1.java:79)
</error>

      </testcase>

      <system-out><![CDATA[]]></system-out>

      <system-err><![CDATA[]]></system-err>

  </testsuite>
</testsuites>
